Grammar

    0 $accept: commands $end

    1 commands: command_wrapper opt_semicolon

    2 command_wrapper: calc_stmt
    3                | select_stmt
    4                | insert_stmt
    5                | update_stmt
    6                | delete_stmt
    7                | create_table_stmt
    8                | drop_table_stmt
    9                | show_tables_stmt
   10                | show_index_stmt
   11                | desc_table_stmt
   12                | create_index_stmt
   13                | drop_index_stmt
   14                | sync_stmt
   15                | begin_stmt
   16                | commit_stmt
   17                | rollback_stmt
   18                | load_data_stmt
   19                | explain_stmt
   20                | set_variable_stmt
   21                | help_stmt
   22                | exit_stmt

   23 exit_stmt: EXIT

   24 help_stmt: HELP

   25 sync_stmt: SYNC

   26 begin_stmt: TRX_BEGIN

   27 commit_stmt: TRX_COMMIT

   28 rollback_stmt: TRX_ROLLBACK

   29 drop_table_stmt: DROP TABLE ID

   30 show_tables_stmt: SHOW TABLES

   31 show_index_stmt: SHOW INDEX FROM ID

   32 desc_table_stmt: DESC ID

   33 unique_marker: ε
   34              | UNIQUE

   35 create_index_stmt: CREATE unique_marker INDEX ID ON ID LBRACE ID rel_list RBRACE

   36 drop_index_stmt: DROP INDEX ID ON ID

   37 nullable_marker: ε
   38                | UNNULLABLE
   39                | NULLABLE

   40 create_table_stmt: CREATE TABLE ID LBRACE attr_def attr_def_list RBRACE

   41 attr_def_list: ε
   42              | COMMA attr_def attr_def_list

   43 attr_def: ID type nullable_marker LBRACE number RBRACE
   44         | ID type nullable_marker

   45 number: NUMBER

   46 type: INT_T
   47     | STRING_T
   48     | TEXT_T
   49     | FLOAT_T
   50     | DATE_T

   51 insert_stmt: INSERT INTO ID VALUES LBRACE value value_list RBRACE insert_list

   52 insert_list: ε
   53            | COMMA LBRACE value value_list RBRACE insert_list

   54 value_list: ε
   55           | COMMA value value_list

   56 value: NULL_T
   57      | NUMBER
   58      | FLOAT
   59      | DATE
   60      | SSS

   61 delete_stmt: DELETE FROM ID where

   62 update_stmt: UPDATE ID SET update_expr where

   63 update_expr: ID EQ LBRACE select_stmt RBRACE update_expr_list
   64            | ID EQ value update_expr_list

   65 update_expr_list: ε
   66                 | COMMA ID EQ LBRACE select_stmt RBRACE update_expr_list
   67                 | COMMA ID EQ value update_expr_list

   68 select_stmt: SELECT select_attr FROM ID rel_list where
   69            | SELECT select_attr FROM join where

   70 join: ID INNER_JOIN ID join_equal join_list

   71 join_list: INNER_JOIN ID join_equal join_list
   72          | ε

   73 join_equal: ε
   74           | ON condition_list

   75 calc_stmt: CALC expression_list

   76 expression_list: expression
   77                | expression COMMA expression_list

   78 expression: expression '+' expression
   79           | expression '-' expression
   80           | expression '*' expression
   81           | expression '/' expression
   82           | LBRACE expression_list RBRACE
   83           | '-' expression
   84           | value

   85 select_attr: '*' attr_list
   86            | rel_attr attr_list

   87 rel_attr: ID
   88         | ID DOT ID
   89         | AGG_MAX LBRACE ID RBRACE
   90         | AGG_MIN LBRACE ID RBRACE
   91         | AGG_COUNT LBRACE ID RBRACE
   92         | AGG_COUNT LBRACE '*' RBRACE
   93         | AGG_COUNT LBRACE NUMBER RBRACE
   94         | AGG_AVG LBRACE ID RBRACE
   95         | AGG_SUM LBRACE ID RBRACE
   96         | AGG_MAX LBRACE ID DOT ID RBRACE
   97         | AGG_MIN LBRACE ID DOT ID RBRACE
   98         | AGG_COUNT LBRACE ID DOT ID RBRACE
   99         | AGG_AVG LBRACE ID DOT ID RBRACE
  100         | AGG_SUM LBRACE ID DOT ID RBRACE

  101 attr_list: ε
  102          | COMMA rel_attr attr_list

  103 rel_list: ε
  104         | COMMA ID rel_list

  105 where: ε
  106      | WHERE condition_list

  107 condition_list: ε
  108               | condition
  109               | condition AND condition_list

  110 condition: EXISTS LBRACE select_stmt RBRACE
  111          | NOT_EXISTS LBRACE select_stmt RBRACE
  112          | LBRACE select_stmt RBRACE comp_op LBRACE select_stmt RBRACE
  113          | rel_attr comp_op LBRACE select_stmt RBRACE
  114          | LBRACE select_stmt RBRACE comp_op rel_attr
  115          | expression comp_op LBRACE select_stmt RBRACE
  116          | LBRACE select_stmt RBRACE comp_op expression
  117          | rel_attr comp_op expression
  118          | expression comp_op expression
  119          | rel_attr comp_op rel_attr
  120          | expression comp_op rel_attr

  121 comp_op: EQ
  122        | LT
  123        | GT
  124        | LE
  125        | GE
  126        | NE
  127        | LIKE
  128        | NOT_LIKE
  129        | IS_NOT
  130        | IS
  131        | EXISTS
  132        | NOT_EXISTS
  133        | NOT_IN
  134        | IN

  135 load_data_stmt: LOAD DATA INFILE SSS INTO TABLE ID

  136 explain_stmt: EXPLAIN command_wrapper

  137 set_variable_stmt: SET ID EQ value

  138 opt_semicolon: ε
  139              | SEMICOLON


Terminals, with rules where they appear

    $end (0) 0
    '*' (42) 80 85 92
    '+' (43) 78
    '-' (45) 79 83
    '/' (47) 81
    error (256)
    SEMICOLON (258) 139
    CREATE (259) 35 40
    DROP (260) 29 36
    TABLE (261) 29 40 135
    TABLES (262) 30
    INDEX (263) 31 35 36
    CALC (264) 75
    SELECT (265) 68 69
    DESC (266) 32
    AGG_MAX (267) 89 96
    AGG_MIN (268) 90 97
    AGG_COUNT (269) 91 92 93 98
    AGG_AVG (270) 94 99
    AGG_SUM (271) 95 100
    NULLABLE (272) 39
    UNNULLABLE (273) 38
    SHOW (274) 30 31
    SYNC (275) 25
    INSERT (276) 51
    UNIQUE (277) 34
    DELETE (278) 61
    UPDATE (279) 62
    LBRACE (280) 35 40 43 51 53 63 66 82 89 90 91 92 93 94 95 96 97 98 99 100 110 111 112 113 114 115 116
    RBRACE (281) 35 40 43 51 53 63 66 82 89 90 91 92 93 94 95 96 97 98 99 100 110 111 112 113 114 115 116
    COMMA (282) 42 53 55 66 67 77 102 104
    TRX_BEGIN (283) 26
    TRX_COMMIT (284) 27
    TRX_ROLLBACK (285) 28
    INT_T (286) 46
    STRING_T (287) 47
    FLOAT_T (288) 49
    DATE_T (289) 50
    NULL_T (290) 56
    TEXT_T (291) 48
    HELP (292) 24
    EXIT (293) 23
    DOT (294) 88 96 97 98 99 100
    INTO (295) 51 135
    VALUES (296) 51
    FROM (297) 31 61 68 69
    WHERE (298) 106
    AND (299) 109
    SET (300) 62 137
    ON (301) 35 36 74
    LOAD (302) 135
    DATA (303) 135
    INFILE (304) 135
    EXPLAIN (305) 136
    EQ (306) 63 64 66 67 121 137
    LT (307) 122
    GT (308) 123
    LE (309) 124
    GE (310) 125
    NE (311) 126
    LIKE (312) 127
    NOT_LIKE (313) 128
    IS (314) 130
    IS_NOT (315) 129
    INNER_JOIN (316) 70 71
    IN (317) 134
    NOT_IN (318) 133
    EXISTS (319) 110 131
    NOT_EXISTS (320) 111 132
    NUMBER <number> (321) 45 57 93
    FLOAT <floats> (322) 58
    DATE <dates> (323) 59
    ID <string> (324) 29 31 32 35 36 40 43 44 51 61 62 63 64 66 67 68 70 71 87 88 89 90 91 94 95 96 97 98 99 100 104 135 137
    SSS <string> (325) 60 135
    UMINUS (326)


Nonterminals, with rules where they appear

    $accept (76)
        on left: 0
    commands <sql_node> (77)
        on left: 1
        on right: 0
    command_wrapper <sql_node> (78)
        on left: 2 3 4 5 6 7 8 9 10 11 12 13 14 15 16 17 18 19 20 21 22
        on right: 1 136
    exit_stmt <sql_node> (79)
        on left: 23
        on right: 22
    help_stmt <sql_node> (80)
        on left: 24
        on right: 21
    sync_stmt <sql_node> (81)
        on left: 25
        on right: 14
    begin_stmt <sql_node> (82)
        on left: 26
        on right: 15
    commit_stmt <sql_node> (83)
        on left: 27
        on right: 16
    rollback_stmt <sql_node> (84)
        on left: 28
        on right: 17
    drop_table_stmt <sql_node> (85)
        on left: 29
        on right: 8
    show_tables_stmt <sql_node> (86)
        on left: 30
        on right: 9
    show_index_stmt <sql_node> (87)
        on left: 31
        on right: 10
    desc_table_stmt <sql_node> (88)
        on left: 32
        on right: 11
    unique_marker <boolean> (89)
        on left: 33 34
        on right: 35
    create_index_stmt <sql_node> (90)
        on left: 35
        on right: 12
    drop_index_stmt <sql_node> (91)
        on left: 36
        on right: 13
    nullable_marker <boolean> (92)
        on left: 37 38 39
        on right: 43 44
    create_table_stmt <sql_node> (93)
        on left: 40
        on right: 7
    attr_def_list <attr_infos> (94)
        on left: 41 42
        on right: 40 42
    attr_def <attr_info> (95)
        on left: 43 44
        on right: 40 42
    number <number> (96)
        on left: 45
        on right: 43
    type <number> (97)
        on left: 46 47 48 49 50
        on right: 43 44
    insert_stmt <sql_node> (98)
        on left: 51
        on right: 4
    insert_list <insert_list> (99)
        on left: 52 53
        on right: 51 53
    value_list <value_list> (100)
        on left: 54 55
        on right: 51 53 55
    value <value> (101)
        on left: 56 57 58 59 60
        on right: 51 53 55 64 67 84 137
    delete_stmt <sql_node> (102)
        on left: 61
        on right: 6
    update_stmt <sql_node> (103)
        on left: 62
        on right: 5
    update_expr <update_expr> (104)
        on left: 63 64
        on right: 62
    update_expr_list <update_expr> (105)
        on left: 65 66 67
        on right: 63 64 66 67
    select_stmt <sql_node> (106)
        on left: 68 69
        on right: 3 63 66 110 111 112 113 114 115 116
    join <join_list> (107)
        on left: 70
        on right: 69
    join_list <join_list> (108)
        on left: 71 72
        on right: 70 71
    join_equal <condition_list> (109)
        on left: 73 74
        on right: 70 71
    calc_stmt <sql_node> (110)
        on left: 75
        on right: 2
    expression_list <expression_list> (111)
        on left: 76 77
        on right: 75 77 82
    expression <expression> (112)
        on left: 78 79 80 81 82 83 84
        on right: 76 77 78 79 80 81 83 115 116 117 118 120
    select_attr <rel_attr_list> (113)
        on left: 85 86
        on right: 68 69
    rel_attr <rel_attr> (114)
        on left: 87 88 89 90 91 92 93 94 95 96 97 98 99 100
        on right: 86 102 113 114 117 119 120
    attr_list <rel_attr_list> (115)
        on left: 101 102
        on right: 85 86 102
    rel_list <relation_list> (116)
        on left: 103 104
        on right: 35 68 104
    where <condition_list> (117)
        on left: 105 106
        on right: 61 62 68 69
    condition_list <condition_list> (118)
        on left: 107 108 109
        on right: 74 106 109
    condition <condition> (119)
        on left: 110 111 112 113 114 115 116 117 118 119 120
        on right: 108 109
    comp_op <comp> (120)
        on left: 121 122 123 124 125 126 127 128 129 130 131 132 133 134
        on right: 112 113 114 115 116 117 118 119 120
    load_data_stmt <sql_node> (121)
        on left: 135
        on right: 18
    explain_stmt <sql_node> (122)
        on left: 136
        on right: 19
    set_variable_stmt <sql_node> (123)
        on left: 137
        on right: 20
    opt_semicolon (124)
        on left: 138 139
        on right: 1


State 0

    0 $accept: • commands $end

    CREATE        shift, and go to state 1
    DROP          shift, and go to state 2
    CALC          shift, and go to state 3
    SELECT        shift, and go to state 4
    DESC          shift, and go to state 5
    SHOW          shift, and go to state 6
    SYNC          shift, and go to state 7
    INSERT        shift, and go to state 8
    DELETE        shift, and go to state 9
    UPDATE        shift, and go to state 10
    TRX_BEGIN     shift, and go to state 11
    TRX_COMMIT    shift, and go to state 12
    TRX_ROLLBACK  shift, and go to state 13
    HELP          shift, and go to state 14
    EXIT          shift, and go to state 15
    SET           shift, and go to state 16
    LOAD          shift, and go to state 17
    EXPLAIN       shift, and go to state 18

    commands           go to state 19
    command_wrapper    go to state 20
    exit_stmt          go to state 21
    help_stmt          go to state 22
    sync_stmt          go to state 23
    begin_stmt         go to state 24
    commit_stmt        go to state 25
    rollback_stmt      go to state 26
    drop_table_stmt    go to state 27
    show_tables_stmt   go to state 28
    show_index_stmt    go to state 29
    desc_table_stmt    go to state 30
    create_index_stmt  go to state 31
    drop_index_stmt    go to state 32
    create_table_stmt  go to state 33
    insert_stmt        go to state 34
    delete_stmt        go to state 35
    update_stmt        go to state 36
    select_stmt        go to state 37
    calc_stmt          go to state 38
    load_data_stmt     go to state 39
    explain_stmt       go to state 40
    set_variable_stmt  go to state 41


State 1

   35 create_index_stmt: CREATE • unique_marker INDEX ID ON ID LBRACE ID rel_list RBRACE
   40 create_table_stmt: CREATE • TABLE ID LBRACE attr_def attr_def_list RBRACE

    TABLE   shift, and go to state 42
    UNIQUE  shift, and go to state 43

    $default  reduce using rule 33 (unique_marker)

    unique_marker  go to state 44


State 2

   29 drop_table_stmt: DROP • TABLE ID
   36 drop_index_stmt: DROP • INDEX ID ON ID

    TABLE  shift, and go to state 45
    INDEX  shift, and go to state 46


State 3

   75 calc_stmt: CALC • expression_list

    LBRACE  shift, and go to state 47
    NULL_T  shift, and go to state 48
    NUMBER  shift, and go to state 49
    FLOAT   shift, and go to state 50
    DATE    shift, and go to state 51
    SSS     shift, and go to state 52
    '-'     shift, and go to state 53

    value            go to state 54
    expression_list  go to state 55
    expression       go to state 56


State 4

   68 select_stmt: SELECT • select_attr FROM ID rel_list where
   69            | SELECT • select_attr FROM join where

    AGG_MAX    shift, and go to state 57
    AGG_MIN    shift, and go to state 58
    AGG_COUNT  shift, and go to state 59
    AGG_AVG    shift, and go to state 60
    AGG_SUM    shift, and go to state 61
    ID         shift, and go to state 62
    '*'        shift, and go to state 63

    select_attr  go to state 64
    rel_attr     go to state 65


State 5

   32 desc_table_stmt: DESC • ID

    ID  shift, and go to state 66


State 6

   30 show_tables_stmt: SHOW • TABLES
   31 show_index_stmt: SHOW • INDEX FROM ID

    TABLES  shift, and go to state 67
    INDEX   shift, and go to state 68


State 7

   25 sync_stmt: SYNC •

    $default  reduce using rule 25 (sync_stmt)


State 8

   51 insert_stmt: INSERT • INTO ID VALUES LBRACE value value_list RBRACE insert_list

    INTO  shift, and go to state 69


State 9

   61 delete_stmt: DELETE • FROM ID where

    FROM  shift, and go to state 70


State 10

   62 update_stmt: UPDATE • ID SET update_expr where

    ID  shift, and go to state 71


State 11

   26 begin_stmt: TRX_BEGIN •

    $default  reduce using rule 26 (begin_stmt)


State 12

   27 commit_stmt: TRX_COMMIT •

    $default  reduce using rule 27 (commit_stmt)


State 13

   28 rollback_stmt: TRX_ROLLBACK •

    $default  reduce using rule 28 (rollback_stmt)


State 14

   24 help_stmt: HELP •

    $default  reduce using rule 24 (help_stmt)


State 15

   23 exit_stmt: EXIT •

    $default  reduce using rule 23 (exit_stmt)


State 16

  137 set_variable_stmt: SET • ID EQ value

    ID  shift, and go to state 72


State 17

  135 load_data_stmt: LOAD • DATA INFILE SSS INTO TABLE ID

    DATA  shift, and go to state 73


State 18

  136 explain_stmt: EXPLAIN • command_wrapper

    CREATE        shift, and go to state 1
    DROP          shift, and go to state 2
    CALC          shift, and go to state 3
    SELECT        shift, and go to state 4
    DESC          shift, and go to state 5
    SHOW          shift, and go to state 6
    SYNC          shift, and go to state 7
    INSERT        shift, and go to state 8
    DELETE        shift, and go to state 9
    UPDATE        shift, and go to state 10
    TRX_BEGIN     shift, and go to state 11
    TRX_COMMIT    shift, and go to state 12
    TRX_ROLLBACK  shift, and go to state 13
    HELP          shift, and go to state 14
    EXIT          shift, and go to state 15
    SET           shift, and go to state 16
    LOAD          shift, and go to state 17
    EXPLAIN       shift, and go to state 18

    command_wrapper    go to state 74
    exit_stmt          go to state 21
    help_stmt          go to state 22
    sync_stmt          go to state 23
    begin_stmt         go to state 24
    commit_stmt        go to state 25
    rollback_stmt      go to state 26
    drop_table_stmt    go to state 27
    show_tables_stmt   go to state 28
    show_index_stmt    go to state 29
    desc_table_stmt    go to state 30
    create_index_stmt  go to state 31
    drop_index_stmt    go to state 32
    create_table_stmt  go to state 33
    insert_stmt        go to state 34
    delete_stmt        go to state 35
    update_stmt        go to state 36
    select_stmt        go to state 37
    calc_stmt          go to state 38
    load_data_stmt     go to state 39
    explain_stmt       go to state 40
    set_variable_stmt  go to state 41


State 19

    0 $accept: commands • $end

    $end  shift, and go to state 75


State 20

    1 commands: command_wrapper • opt_semicolon

    SEMICOLON  shift, and go to state 76

    $default  reduce using rule 138 (opt_semicolon)

    opt_semicolon  go to state 77


State 21

   22 command_wrapper: exit_stmt •

    $default  reduce using rule 22 (command_wrapper)


State 22

   21 command_wrapper: help_stmt •

    $default  reduce using rule 21 (command_wrapper)


State 23

   14 command_wrapper: sync_stmt •

    $default  reduce using rule 14 (command_wrapper)


State 24

   15 command_wrapper: begin_stmt •

    $default  reduce using rule 15 (command_wrapper)


State 25

   16 command_wrapper: commit_stmt •

    $default  reduce using rule 16 (command_wrapper)


State 26

   17 command_wrapper: rollback_stmt •

    $default  reduce using rule 17 (command_wrapper)


State 27

    8 command_wrapper: drop_table_stmt •

    $default  reduce using rule 8 (command_wrapper)


State 28

    9 command_wrapper: show_tables_stmt •

    $default  reduce using rule 9 (command_wrapper)


State 29

   10 command_wrapper: show_index_stmt •

    $default  reduce using rule 10 (command_wrapper)


State 30

   11 command_wrapper: desc_table_stmt •

    $default  reduce using rule 11 (command_wrapper)


State 31

   12 command_wrapper: create_index_stmt •

    $default  reduce using rule 12 (command_wrapper)


State 32

   13 command_wrapper: drop_index_stmt •

    $default  reduce using rule 13 (command_wrapper)


State 33

    7 command_wrapper: create_table_stmt •

    $default  reduce using rule 7 (command_wrapper)


State 34

    4 command_wrapper: insert_stmt •

    $default  reduce using rule 4 (command_wrapper)


State 35

    6 command_wrapper: delete_stmt •

    $default  reduce using rule 6 (command_wrapper)


State 36

    5 command_wrapper: update_stmt •

    $default  reduce using rule 5 (command_wrapper)


State 37

    3 command_wrapper: select_stmt •

    $default  reduce using rule 3 (command_wrapper)


State 38

    2 command_wrapper: calc_stmt •

    $default  reduce using rule 2 (command_wrapper)


State 39

   18 command_wrapper: load_data_stmt •

    $default  reduce using rule 18 (command_wrapper)


State 40

   19 command_wrapper: explain_stmt •

    $default  reduce using rule 19 (command_wrapper)


State 41

   20 command_wrapper: set_variable_stmt •

    $default  reduce using rule 20 (command_wrapper)


State 42

   40 create_table_stmt: CREATE TABLE • ID LBRACE attr_def attr_def_list RBRACE

    ID  shift, and go to state 78


State 43

   34 unique_marker: UNIQUE •

    $default  reduce using rule 34 (unique_marker)


State 44

   35 create_index_stmt: CREATE unique_marker • INDEX ID ON ID LBRACE ID rel_list RBRACE

    INDEX  shift, and go to state 79


State 45

   29 drop_table_stmt: DROP TABLE • ID

    ID  shift, and go to state 80


State 46

   36 drop_index_stmt: DROP INDEX • ID ON ID

    ID  shift, and go to state 81


State 47

   82 expression: LBRACE • expression_list RBRACE

    LBRACE  shift, and go to state 47
    NULL_T  shift, and go to state 48
    NUMBER  shift, and go to state 49
    FLOAT   shift, and go to state 50
    DATE    shift, and go to state 51
    SSS     shift, and go to state 52
    '-'     shift, and go to state 53

    value            go to state 54
    expression_list  go to state 82
    expression       go to state 56


State 48

   56 value: NULL_T •

    $default  reduce using rule 56 (value)


State 49

   57 value: NUMBER •

    $default  reduce using rule 57 (value)


State 50

   58 value: FLOAT •

    $default  reduce using rule 58 (value)


State 51

   59 value: DATE •

    $default  reduce using rule 59 (value)


State 52

   60 value: SSS •

    $default  reduce using rule 60 (value)


State 53

   83 expression: '-' • expression

    LBRACE  shift, and go to state 47
    NULL_T  shift, and go to state 48
    NUMBER  shift, and go to state 49
    FLOAT   shift, and go to state 50
    DATE    shift, and go to state 51
    SSS     shift, and go to state 52
    '-'     shift, and go to state 53

    value       go to state 54
    expression  go to state 83


State 54

   84 expression: value •

    $default  reduce using rule 84 (expression)


State 55

   75 calc_stmt: CALC expression_list •

    $default  reduce using rule 75 (calc_stmt)


State 56

   76 expression_list: expression •
   77                | expression • COMMA expression_list
   78 expression: expression • '+' expression
   79           | expression • '-' expression
   80           | expression • '*' expression
   81           | expression • '/' expression

    COMMA  shift, and go to state 84
    '+'    shift, and go to state 85
    '-'    shift, and go to state 86
    '*'    shift, and go to state 87
    '/'    shift, and go to state 88

    $default  reduce using rule 76 (expression_list)


State 57

   89 rel_attr: AGG_MAX • LBRACE ID RBRACE
   96         | AGG_MAX • LBRACE ID DOT ID RBRACE

    LBRACE  shift, and go to state 89


State 58

   90 rel_attr: AGG_MIN • LBRACE ID RBRACE
   97         | AGG_MIN • LBRACE ID DOT ID RBRACE

    LBRACE  shift, and go to state 90


State 59

   91 rel_attr: AGG_COUNT • LBRACE ID RBRACE
   92         | AGG_COUNT • LBRACE '*' RBRACE
   93         | AGG_COUNT • LBRACE NUMBER RBRACE
   98         | AGG_COUNT • LBRACE ID DOT ID RBRACE

    LBRACE  shift, and go to state 91


State 60

   94 rel_attr: AGG_AVG • LBRACE ID RBRACE
   99         | AGG_AVG • LBRACE ID DOT ID RBRACE

    LBRACE  shift, and go to state 92


State 61

   95 rel_attr: AGG_SUM • LBRACE ID RBRACE
  100         | AGG_SUM • LBRACE ID DOT ID RBRACE

    LBRACE  shift, and go to state 93


State 62

   87 rel_attr: ID •
   88         | ID • DOT ID

    DOT  shift, and go to state 94

    $default  reduce using rule 87 (rel_attr)


State 63

   85 select_attr: '*' • attr_list

    COMMA  shift, and go to state 95

    $default  reduce using rule 101 (attr_list)

    attr_list  go to state 96


State 64

   68 select_stmt: SELECT select_attr • FROM ID rel_list where
   69            | SELECT select_attr • FROM join where

    FROM  shift, and go to state 97


State 65

   86 select_attr: rel_attr • attr_list

    COMMA  shift, and go to state 95

    $default  reduce using rule 101 (attr_list)

    attr_list  go to state 98


State 66

   32 desc_table_stmt: DESC ID •

    $default  reduce using rule 32 (desc_table_stmt)


State 67

   30 show_tables_stmt: SHOW TABLES •

    $default  reduce using rule 30 (show_tables_stmt)


State 68

   31 show_index_stmt: SHOW INDEX • FROM ID

    FROM  shift, and go to state 99


State 69

   51 insert_stmt: INSERT INTO • ID VALUES LBRACE value value_list RBRACE insert_list

    ID  shift, and go to state 100


State 70

   61 delete_stmt: DELETE FROM • ID where

    ID  shift, and go to state 101


State 71

   62 update_stmt: UPDATE ID • SET update_expr where

    SET  shift, and go to state 102


State 72

  137 set_variable_stmt: SET ID • EQ value

    EQ  shift, and go to state 103


State 73

  135 load_data_stmt: LOAD DATA • INFILE SSS INTO TABLE ID

    INFILE  shift, and go to state 104


State 74

  136 explain_stmt: EXPLAIN command_wrapper •

    $default  reduce using rule 136 (explain_stmt)


State 75

    0 $accept: commands $end •

    $default  accept


State 76

  139 opt_semicolon: SEMICOLON •

    $default  reduce using rule 139 (opt_semicolon)


State 77

    1 commands: command_wrapper opt_semicolon •

    $default  reduce using rule 1 (commands)


State 78

   40 create_table_stmt: CREATE TABLE ID • LBRACE attr_def attr_def_list RBRACE

    LBRACE  shift, and go to state 105


State 79

   35 create_index_stmt: CREATE unique_marker INDEX • ID ON ID LBRACE ID rel_list RBRACE

    ID  shift, and go to state 106


State 80

   29 drop_table_stmt: DROP TABLE ID •

    $default  reduce using rule 29 (drop_table_stmt)


State 81

   36 drop_index_stmt: DROP INDEX ID • ON ID

    ON  shift, and go to state 107


State 82

   82 expression: LBRACE expression_list • RBRACE

    RBRACE  shift, and go to state 108


State 83

   78 expression: expression • '+' expression
   79           | expression • '-' expression
   80           | expression • '*' expression
   81           | expression • '/' expression
   83           | '-' expression •

    $default  reduce using rule 83 (expression)


State 84

   77 expression_list: expression COMMA • expression_list

    LBRACE  shift, and go to state 47
    NULL_T  shift, and go to state 48
    NUMBER  shift, and go to state 49
    FLOAT   shift, and go to state 50
    DATE    shift, and go to state 51
    SSS     shift, and go to state 52
    '-'     shift, and go to state 53

    value            go to state 54
    expression_list  go to state 109
    expression       go to state 56


State 85

   78 expression: expression '+' • expression

    LBRACE  shift, and go to state 47
    NULL_T  shift, and go to state 48
    NUMBER  shift, and go to state 49
    FLOAT   shift, and go to state 50
    DATE    shift, and go to state 51
    SSS     shift, and go to state 52
    '-'     shift, and go to state 53

    value       go to state 54
    expression  go to state 110


State 86

   79 expression: expression '-' • expression

    LBRACE  shift, and go to state 47
    NULL_T  shift, and go to state 48
    NUMBER  shift, and go to state 49
    FLOAT   shift, and go to state 50
    DATE    shift, and go to state 51
    SSS     shift, and go to state 52
    '-'     shift, and go to state 53

    value       go to state 54
    expression  go to state 111


State 87

   80 expression: expression '*' • expression

    LBRACE  shift, and go to state 47
    NULL_T  shift, and go to state 48
    NUMBER  shift, and go to state 49
    FLOAT   shift, and go to state 50
    DATE    shift, and go to state 51
    SSS     shift, and go to state 52
    '-'     shift, and go to state 53

    value       go to state 54
    expression  go to state 112


State 88

   81 expression: expression '/' • expression

    LBRACE  shift, and go to state 47
    NULL_T  shift, and go to state 48
    NUMBER  shift, and go to state 49
    FLOAT   shift, and go to state 50
    DATE    shift, and go to state 51
    SSS     shift, and go to state 52
    '-'     shift, and go to state 53

    value       go to state 54
    expression  go to state 113


State 89

   89 rel_attr: AGG_MAX LBRACE • ID RBRACE
   96         | AGG_MAX LBRACE • ID DOT ID RBRACE

    ID  shift, and go to state 114


State 90

   90 rel_attr: AGG_MIN LBRACE • ID RBRACE
   97         | AGG_MIN LBRACE • ID DOT ID RBRACE

    ID  shift, and go to state 115


State 91

   91 rel_attr: AGG_COUNT LBRACE • ID RBRACE
   92         | AGG_COUNT LBRACE • '*' RBRACE
   93         | AGG_COUNT LBRACE • NUMBER RBRACE
   98         | AGG_COUNT LBRACE • ID DOT ID RBRACE

    NUMBER  shift, and go to state 116
    ID      shift, and go to state 117
    '*'     shift, and go to state 118


State 92

   94 rel_attr: AGG_AVG LBRACE • ID RBRACE
   99         | AGG_AVG LBRACE • ID DOT ID RBRACE

    ID  shift, and go to state 119


State 93

   95 rel_attr: AGG_SUM LBRACE • ID RBRACE
  100         | AGG_SUM LBRACE • ID DOT ID RBRACE

    ID  shift, and go to state 120


State 94

   88 rel_attr: ID DOT • ID

    ID  shift, and go to state 121


State 95

  102 attr_list: COMMA • rel_attr attr_list

    AGG_MAX    shift, and go to state 57
    AGG_MIN    shift, and go to state 58
    AGG_COUNT  shift, and go to state 59
    AGG_AVG    shift, and go to state 60
    AGG_SUM    shift, and go to state 61
    ID         shift, and go to state 62

    rel_attr  go to state 122


State 96

   85 select_attr: '*' attr_list •

    $default  reduce using rule 85 (select_attr)


State 97

   68 select_stmt: SELECT select_attr FROM • ID rel_list where
   69            | SELECT select_attr FROM • join where

    ID  shift, and go to state 123

    join  go to state 124


State 98

   86 select_attr: rel_attr attr_list •

    $default  reduce using rule 86 (select_attr)


State 99

   31 show_index_stmt: SHOW INDEX FROM • ID

    ID  shift, and go to state 125


State 100

   51 insert_stmt: INSERT INTO ID • VALUES LBRACE value value_list RBRACE insert_list

    VALUES  shift, and go to state 126


State 101

   61 delete_stmt: DELETE FROM ID • where

    WHERE  shift, and go to state 127

    $default  reduce using rule 105 (where)

    where  go to state 128


State 102

   62 update_stmt: UPDATE ID SET • update_expr where

    ID  shift, and go to state 129

    update_expr  go to state 130


State 103

  137 set_variable_stmt: SET ID EQ • value

    NULL_T  shift, and go to state 48
    NUMBER  shift, and go to state 49
    FLOAT   shift, and go to state 50
    DATE    shift, and go to state 51
    SSS     shift, and go to state 52

    value  go to state 131


State 104

  135 load_data_stmt: LOAD DATA INFILE • SSS INTO TABLE ID

    SSS  shift, and go to state 132


State 105

   40 create_table_stmt: CREATE TABLE ID LBRACE • attr_def attr_def_list RBRACE

    ID  shift, and go to state 133

    attr_def  go to state 134


State 106

   35 create_index_stmt: CREATE unique_marker INDEX ID • ON ID LBRACE ID rel_list RBRACE

    ON  shift, and go to state 135


State 107

   36 drop_index_stmt: DROP INDEX ID ON • ID

    ID  shift, and go to state 136


State 108

   82 expression: LBRACE expression_list RBRACE •

    $default  reduce using rule 82 (expression)


State 109

   77 expression_list: expression COMMA expression_list •

    $default  reduce using rule 77 (expression_list)


State 110

   78 expression: expression • '+' expression
   78           | expression '+' expression •
   79           | expression • '-' expression
   80           | expression • '*' expression
   81           | expression • '/' expression

    '*'  shift, and go to state 87
    '/'  shift, and go to state 88

    $default  reduce using rule 78 (expression)


State 111

   78 expression: expression • '+' expression
   79           | expression • '-' expression
   79           | expression '-' expression •
   80           | expression • '*' expression
   81           | expression • '/' expression

    '*'  shift, and go to state 87
    '/'  shift, and go to state 88

    $default  reduce using rule 79 (expression)


State 112

   78 expression: expression • '+' expression
   79           | expression • '-' expression
   80           | expression • '*' expression
   80           | expression '*' expression •
   81           | expression • '/' expression

    $default  reduce using rule 80 (expression)


State 113

   78 expression: expression • '+' expression
   79           | expression • '-' expression
   80           | expression • '*' expression
   81           | expression • '/' expression
   81           | expression '/' expression •

    $default  reduce using rule 81 (expression)


State 114

   89 rel_attr: AGG_MAX LBRACE ID • RBRACE
   96         | AGG_MAX LBRACE ID • DOT ID RBRACE

    RBRACE  shift, and go to state 137
    DOT     shift, and go to state 138


State 115

   90 rel_attr: AGG_MIN LBRACE ID • RBRACE
   97         | AGG_MIN LBRACE ID • DOT ID RBRACE

    RBRACE  shift, and go to state 139
    DOT     shift, and go to state 140


State 116

   93 rel_attr: AGG_COUNT LBRACE NUMBER • RBRACE

    RBRACE  shift, and go to state 141


State 117

   91 rel_attr: AGG_COUNT LBRACE ID • RBRACE
   98         | AGG_COUNT LBRACE ID • DOT ID RBRACE

    RBRACE  shift, and go to state 142
    DOT     shift, and go to state 143


State 118

   92 rel_attr: AGG_COUNT LBRACE '*' • RBRACE

    RBRACE  shift, and go to state 144


State 119

   94 rel_attr: AGG_AVG LBRACE ID • RBRACE
   99         | AGG_AVG LBRACE ID • DOT ID RBRACE

    RBRACE  shift, and go to state 145
    DOT     shift, and go to state 146


State 120

   95 rel_attr: AGG_SUM LBRACE ID • RBRACE
  100         | AGG_SUM LBRACE ID • DOT ID RBRACE

    RBRACE  shift, and go to state 147
    DOT     shift, and go to state 148


State 121

   88 rel_attr: ID DOT ID •

    $default  reduce using rule 88 (rel_attr)


State 122

  102 attr_list: COMMA rel_attr • attr_list

    COMMA  shift, and go to state 95

    $default  reduce using rule 101 (attr_list)

    attr_list  go to state 149


State 123

   68 select_stmt: SELECT select_attr FROM ID • rel_list where
   70 join: ID • INNER_JOIN ID join_equal join_list

    COMMA       shift, and go to state 150
    INNER_JOIN  shift, and go to state 151

    $default  reduce using rule 103 (rel_list)

    rel_list  go to state 152


State 124

   69 select_stmt: SELECT select_attr FROM join • where

    WHERE  shift, and go to state 127

    $default  reduce using rule 105 (where)

    where  go to state 153


State 125

   31 show_index_stmt: SHOW INDEX FROM ID •

    $default  reduce using rule 31 (show_index_stmt)


State 126

   51 insert_stmt: INSERT INTO ID VALUES • LBRACE value value_list RBRACE insert_list

    LBRACE  shift, and go to state 154


State 127

  106 where: WHERE • condition_list

    AGG_MAX     shift, and go to state 57
    AGG_MIN     shift, and go to state 58
    AGG_COUNT   shift, and go to state 59
    AGG_AVG     shift, and go to state 60
    AGG_SUM     shift, and go to state 61
    LBRACE      shift, and go to state 155
    NULL_T      shift, and go to state 48
    EXISTS      shift, and go to state 156
    NOT_EXISTS  shift, and go to state 157
    NUMBER      shift, and go to state 49
    FLOAT       shift, and go to state 50
    DATE        shift, and go to state 51
    ID          shift, and go to state 62
    SSS         shift, and go to state 52
    '-'         shift, and go to state 53

    $default  reduce using rule 107 (condition_list)

    value           go to state 54
    expression      go to state 158
    rel_attr        go to state 159
    condition_list  go to state 160
    condition       go to state 161


State 128

   61 delete_stmt: DELETE FROM ID where •

    $default  reduce using rule 61 (delete_stmt)


State 129

   63 update_expr: ID • EQ LBRACE select_stmt RBRACE update_expr_list
   64            | ID • EQ value update_expr_list

    EQ  shift, and go to state 162


State 130

   62 update_stmt: UPDATE ID SET update_expr • where

    WHERE  shift, and go to state 127

    $default  reduce using rule 105 (where)

    where  go to state 163


State 131

  137 set_variable_stmt: SET ID EQ value •

    $default  reduce using rule 137 (set_variable_stmt)


State 132

  135 load_data_stmt: LOAD DATA INFILE SSS • INTO TABLE ID

    INTO  shift, and go to state 164


State 133

   43 attr_def: ID • type nullable_marker LBRACE number RBRACE
   44         | ID • type nullable_marker

    INT_T     shift, and go to state 165
    STRING_T  shift, and go to state 166
    FLOAT_T   shift, and go to state 167
    DATE_T    shift, and go to state 168
    TEXT_T    shift, and go to state 169

    type  go to state 170


State 134

   40 create_table_stmt: CREATE TABLE ID LBRACE attr_def • attr_def_list RBRACE

    COMMA  shift, and go to state 171

    $default  reduce using rule 41 (attr_def_list)

    attr_def_list  go to state 172


State 135

   35 create_index_stmt: CREATE unique_marker INDEX ID ON • ID LBRACE ID rel_list RBRACE

    ID  shift, and go to state 173


State 136

   36 drop_index_stmt: DROP INDEX ID ON ID •

    $default  reduce using rule 36 (drop_index_stmt)


State 137

   89 rel_attr: AGG_MAX LBRACE ID RBRACE •

    $default  reduce using rule 89 (rel_attr)


State 138

   96 rel_attr: AGG_MAX LBRACE ID DOT • ID RBRACE

    ID  shift, and go to state 174


State 139

   90 rel_attr: AGG_MIN LBRACE ID RBRACE •

    $default  reduce using rule 90 (rel_attr)


State 140

   97 rel_attr: AGG_MIN LBRACE ID DOT • ID RBRACE

    ID  shift, and go to state 175


State 141

   93 rel_attr: AGG_COUNT LBRACE NUMBER RBRACE •

    $default  reduce using rule 93 (rel_attr)


State 142

   91 rel_attr: AGG_COUNT LBRACE ID RBRACE •

    $default  reduce using rule 91 (rel_attr)


State 143

   98 rel_attr: AGG_COUNT LBRACE ID DOT • ID RBRACE

    ID  shift, and go to state 176


State 144

   92 rel_attr: AGG_COUNT LBRACE '*' RBRACE •

    $default  reduce using rule 92 (rel_attr)


State 145

   94 rel_attr: AGG_AVG LBRACE ID RBRACE •

    $default  reduce using rule 94 (rel_attr)


State 146

   99 rel_attr: AGG_AVG LBRACE ID DOT • ID RBRACE

    ID  shift, and go to state 177


State 147

   95 rel_attr: AGG_SUM LBRACE ID RBRACE •

    $default  reduce using rule 95 (rel_attr)


State 148

  100 rel_attr: AGG_SUM LBRACE ID DOT • ID RBRACE

    ID  shift, and go to state 178


State 149

  102 attr_list: COMMA rel_attr attr_list •

    $default  reduce using rule 102 (attr_list)


State 150

  104 rel_list: COMMA • ID rel_list

    ID  shift, and go to state 179


State 151

   70 join: ID INNER_JOIN • ID join_equal join_list

    ID  shift, and go to state 180


State 152

   68 select_stmt: SELECT select_attr FROM ID rel_list • where

    WHERE  shift, and go to state 127

    $default  reduce using rule 105 (where)

    where  go to state 181


State 153

   69 select_stmt: SELECT select_attr FROM join where •

    $default  reduce using rule 69 (select_stmt)


State 154

   51 insert_stmt: INSERT INTO ID VALUES LBRACE • value value_list RBRACE insert_list

    NULL_T  shift, and go to state 48
    NUMBER  shift, and go to state 49
    FLOAT   shift, and go to state 50
    DATE    shift, and go to state 51
    SSS     shift, and go to state 52

    value  go to state 182


State 155

   82 expression: LBRACE • expression_list RBRACE
  112 condition: LBRACE • select_stmt RBRACE comp_op LBRACE select_stmt RBRACE
  114          | LBRACE • select_stmt RBRACE comp_op rel_attr
  116          | LBRACE • select_stmt RBRACE comp_op expression

    SELECT  shift, and go to state 4
    LBRACE  shift, and go to state 47
    NULL_T  shift, and go to state 48
    NUMBER  shift, and go to state 49
    FLOAT   shift, and go to state 50
    DATE    shift, and go to state 51
    SSS     shift, and go to state 52
    '-'     shift, and go to state 53

    value            go to state 54
    select_stmt      go to state 183
    expression_list  go to state 82
    expression       go to state 56


State 156

  110 condition: EXISTS • LBRACE select_stmt RBRACE

    LBRACE  shift, and go to state 184


State 157

  111 condition: NOT_EXISTS • LBRACE select_stmt RBRACE

    LBRACE  shift, and go to state 185


State 158

   78 expression: expression • '+' expression
   79           | expression • '-' expression
   80           | expression • '*' expression
   81           | expression • '/' expression
  115 condition: expression • comp_op LBRACE select_stmt RBRACE
  118          | expression • comp_op expression
  120          | expression • comp_op rel_attr

    EQ          shift, and go to state 186
    LT          shift, and go to state 187
    GT          shift, and go to state 188
    LE          shift, and go to state 189
    GE          shift, and go to state 190
    NE          shift, and go to state 191
    LIKE        shift, and go to state 192
    NOT_LIKE    shift, and go to state 193
    IS          shift, and go to state 194
    IS_NOT      shift, and go to state 195
    IN          shift, and go to state 196
    NOT_IN      shift, and go to state 197
    EXISTS      shift, and go to state 198
    NOT_EXISTS  shift, and go to state 199
    '+'         shift, and go to state 85
    '-'         shift, and go to state 86
    '*'         shift, and go to state 87
    '/'         shift, and go to state 88

    comp_op  go to state 200


State 159

  113 condition: rel_attr • comp_op LBRACE select_stmt RBRACE
  117          | rel_attr • comp_op expression
  119          | rel_attr • comp_op rel_attr

    EQ          shift, and go to state 186
    LT          shift, and go to state 187
    GT          shift, and go to state 188
    LE          shift, and go to state 189
    GE          shift, and go to state 190
    NE          shift, and go to state 191
    LIKE        shift, and go to state 192
    NOT_LIKE    shift, and go to state 193
    IS          shift, and go to state 194
    IS_NOT      shift, and go to state 195
    IN          shift, and go to state 196
    NOT_IN      shift, and go to state 197
    EXISTS      shift, and go to state 198
    NOT_EXISTS  shift, and go to state 199

    comp_op  go to state 201


State 160

  106 where: WHERE condition_list •

    $default  reduce using rule 106 (where)


State 161

  108 condition_list: condition •
  109               | condition • AND condition_list

    AND  shift, and go to state 202

    $default  reduce using rule 108 (condition_list)


State 162

   63 update_expr: ID EQ • LBRACE select_stmt RBRACE update_expr_list
   64            | ID EQ • value update_expr_list

    LBRACE  shift, and go to state 203
    NULL_T  shift, and go to state 48
    NUMBER  shift, and go to state 49
    FLOAT   shift, and go to state 50
    DATE    shift, and go to state 51
    SSS     shift, and go to state 52

    value  go to state 204


State 163

   62 update_stmt: UPDATE ID SET update_expr where •

    $default  reduce using rule 62 (update_stmt)


State 164

  135 load_data_stmt: LOAD DATA INFILE SSS INTO • TABLE ID

    TABLE  shift, and go to state 205


State 165

   46 type: INT_T •

    $default  reduce using rule 46 (type)


State 166

   47 type: STRING_T •

    $default  reduce using rule 47 (type)


State 167

   49 type: FLOAT_T •

    $default  reduce using rule 49 (type)


State 168

   50 type: DATE_T •

    $default  reduce using rule 50 (type)


State 169

   48 type: TEXT_T •

    $default  reduce using rule 48 (type)


State 170

   43 attr_def: ID type • nullable_marker LBRACE number RBRACE
   44         | ID type • nullable_marker

    NULLABLE    shift, and go to state 206
    UNNULLABLE  shift, and go to state 207

    $default  reduce using rule 37 (nullable_marker)

    nullable_marker  go to state 208


State 171

   42 attr_def_list: COMMA • attr_def attr_def_list

    ID  shift, and go to state 133

    attr_def  go to state 209


State 172

   40 create_table_stmt: CREATE TABLE ID LBRACE attr_def attr_def_list • RBRACE

    RBRACE  shift, and go to state 210


State 173

   35 create_index_stmt: CREATE unique_marker INDEX ID ON ID • LBRACE ID rel_list RBRACE

    LBRACE  shift, and go to state 211


State 174

   96 rel_attr: AGG_MAX LBRACE ID DOT ID • RBRACE

    RBRACE  shift, and go to state 212


State 175

   97 rel_attr: AGG_MIN LBRACE ID DOT ID • RBRACE

    RBRACE  shift, and go to state 213


State 176

   98 rel_attr: AGG_COUNT LBRACE ID DOT ID • RBRACE

    RBRACE  shift, and go to state 214


State 177

   99 rel_attr: AGG_AVG LBRACE ID DOT ID • RBRACE

    RBRACE  shift, and go to state 215


State 178

  100 rel_attr: AGG_SUM LBRACE ID DOT ID • RBRACE

    RBRACE  shift, and go to state 216


State 179

  104 rel_list: COMMA ID • rel_list

    COMMA  shift, and go to state 150

    $default  reduce using rule 103 (rel_list)

    rel_list  go to state 217


State 180

   70 join: ID INNER_JOIN ID • join_equal join_list

    ON  shift, and go to state 218

    $default  reduce using rule 73 (join_equal)

    join_equal  go to state 219


State 181

   68 select_stmt: SELECT select_attr FROM ID rel_list where •

    $default  reduce using rule 68 (select_stmt)


State 182

   51 insert_stmt: INSERT INTO ID VALUES LBRACE value • value_list RBRACE insert_list

    COMMA  shift, and go to state 220

    $default  reduce using rule 54 (value_list)

    value_list  go to state 221


State 183

  112 condition: LBRACE select_stmt • RBRACE comp_op LBRACE select_stmt RBRACE
  114          | LBRACE select_stmt • RBRACE comp_op rel_attr
  116          | LBRACE select_stmt • RBRACE comp_op expression

    RBRACE  shift, and go to state 222


State 184

  110 condition: EXISTS LBRACE • select_stmt RBRACE

    SELECT  shift, and go to state 4

    select_stmt  go to state 223


State 185

  111 condition: NOT_EXISTS LBRACE • select_stmt RBRACE

    SELECT  shift, and go to state 4

    select_stmt  go to state 224


State 186

  121 comp_op: EQ •

    $default  reduce using rule 121 (comp_op)


State 187

  122 comp_op: LT •

    $default  reduce using rule 122 (comp_op)


State 188

  123 comp_op: GT •

    $default  reduce using rule 123 (comp_op)


State 189

  124 comp_op: LE •

    $default  reduce using rule 124 (comp_op)


State 190

  125 comp_op: GE •

    $default  reduce using rule 125 (comp_op)


State 191

  126 comp_op: NE •

    $default  reduce using rule 126 (comp_op)


State 192

  127 comp_op: LIKE •

    $default  reduce using rule 127 (comp_op)


State 193

  128 comp_op: NOT_LIKE •

    $default  reduce using rule 128 (comp_op)


State 194

  130 comp_op: IS •

    $default  reduce using rule 130 (comp_op)


State 195

  129 comp_op: IS_NOT •

    $default  reduce using rule 129 (comp_op)


State 196

  134 comp_op: IN •

    $default  reduce using rule 134 (comp_op)


State 197

  133 comp_op: NOT_IN •

    $default  reduce using rule 133 (comp_op)


State 198

  131 comp_op: EXISTS •

    $default  reduce using rule 131 (comp_op)


State 199

  132 comp_op: NOT_EXISTS •

    $default  reduce using rule 132 (comp_op)


State 200

  115 condition: expression comp_op • LBRACE select_stmt RBRACE
  118          | expression comp_op • expression
  120          | expression comp_op • rel_attr

    AGG_MAX    shift, and go to state 57
    AGG_MIN    shift, and go to state 58
    AGG_COUNT  shift, and go to state 59
    AGG_AVG    shift, and go to state 60
    AGG_SUM    shift, and go to state 61
    LBRACE     shift, and go to state 225
    NULL_T     shift, and go to state 48
    NUMBER     shift, and go to state 49
    FLOAT      shift, and go to state 50
    DATE       shift, and go to state 51
    ID         shift, and go to state 62
    SSS        shift, and go to state 52
    '-'        shift, and go to state 53

    value       go to state 54
    expression  go to state 226
    rel_attr    go to state 227


State 201

  113 condition: rel_attr comp_op • LBRACE select_stmt RBRACE
  117          | rel_attr comp_op • expression
  119          | rel_attr comp_op • rel_attr

    AGG_MAX    shift, and go to state 57
    AGG_MIN    shift, and go to state 58
    AGG_COUNT  shift, and go to state 59
    AGG_AVG    shift, and go to state 60
    AGG_SUM    shift, and go to state 61
    LBRACE     shift, and go to state 228
    NULL_T     shift, and go to state 48
    NUMBER     shift, and go to state 49
    FLOAT      shift, and go to state 50
    DATE       shift, and go to state 51
    ID         shift, and go to state 62
    SSS        shift, and go to state 52
    '-'        shift, and go to state 53

    value       go to state 54
    expression  go to state 229
    rel_attr    go to state 230


State 202

  109 condition_list: condition AND • condition_list

    AGG_MAX     shift, and go to state 57
    AGG_MIN     shift, and go to state 58
    AGG_COUNT   shift, and go to state 59
    AGG_AVG     shift, and go to state 60
    AGG_SUM     shift, and go to state 61
    LBRACE      shift, and go to state 155
    NULL_T      shift, and go to state 48
    EXISTS      shift, and go to state 156
    NOT_EXISTS  shift, and go to state 157
    NUMBER      shift, and go to state 49
    FLOAT       shift, and go to state 50
    DATE        shift, and go to state 51
    ID          shift, and go to state 62
    SSS         shift, and go to state 52
    '-'         shift, and go to state 53

    $default  reduce using rule 107 (condition_list)

    value           go to state 54
    expression      go to state 158
    rel_attr        go to state 159
    condition_list  go to state 231
    condition       go to state 161


State 203

   63 update_expr: ID EQ LBRACE • select_stmt RBRACE update_expr_list

    SELECT  shift, and go to state 4

    select_stmt  go to state 232


State 204

   64 update_expr: ID EQ value • update_expr_list

    COMMA  shift, and go to state 233

    $default  reduce using rule 65 (update_expr_list)

    update_expr_list  go to state 234


State 205

  135 load_data_stmt: LOAD DATA INFILE SSS INTO TABLE • ID

    ID  shift, and go to state 235


State 206

   39 nullable_marker: NULLABLE •

    $default  reduce using rule 39 (nullable_marker)


State 207

   38 nullable_marker: UNNULLABLE •

    $default  reduce using rule 38 (nullable_marker)


State 208

   43 attr_def: ID type nullable_marker • LBRACE number RBRACE
   44         | ID type nullable_marker •

    LBRACE  shift, and go to state 236

    $default  reduce using rule 44 (attr_def)


State 209

   42 attr_def_list: COMMA attr_def • attr_def_list

    COMMA  shift, and go to state 171

    $default  reduce using rule 41 (attr_def_list)

    attr_def_list  go to state 237


State 210

   40 create_table_stmt: CREATE TABLE ID LBRACE attr_def attr_def_list RBRACE •

    $default  reduce using rule 40 (create_table_stmt)


State 211

   35 create_index_stmt: CREATE unique_marker INDEX ID ON ID LBRACE • ID rel_list RBRACE

    ID  shift, and go to state 238


State 212

   96 rel_attr: AGG_MAX LBRACE ID DOT ID RBRACE •

    $default  reduce using rule 96 (rel_attr)


State 213

   97 rel_attr: AGG_MIN LBRACE ID DOT ID RBRACE •

    $default  reduce using rule 97 (rel_attr)


State 214

   98 rel_attr: AGG_COUNT LBRACE ID DOT ID RBRACE •

    $default  reduce using rule 98 (rel_attr)


State 215

   99 rel_attr: AGG_AVG LBRACE ID DOT ID RBRACE •

    $default  reduce using rule 99 (rel_attr)


State 216

  100 rel_attr: AGG_SUM LBRACE ID DOT ID RBRACE •

    $default  reduce using rule 100 (rel_attr)


State 217

  104 rel_list: COMMA ID rel_list •

    $default  reduce using rule 104 (rel_list)


State 218

   74 join_equal: ON • condition_list

    AGG_MAX     shift, and go to state 57
    AGG_MIN     shift, and go to state 58
    AGG_COUNT   shift, and go to state 59
    AGG_AVG     shift, and go to state 60
    AGG_SUM     shift, and go to state 61
    LBRACE      shift, and go to state 155
    NULL_T      shift, and go to state 48
    EXISTS      shift, and go to state 156
    NOT_EXISTS  shift, and go to state 157
    NUMBER      shift, and go to state 49
    FLOAT       shift, and go to state 50
    DATE        shift, and go to state 51
    ID          shift, and go to state 62
    SSS         shift, and go to state 52
    '-'         shift, and go to state 53

    $default  reduce using rule 107 (condition_list)

    value           go to state 54
    expression      go to state 158
    rel_attr        go to state 159
    condition_list  go to state 239
    condition       go to state 161


State 219

   70 join: ID INNER_JOIN ID join_equal • join_list

    INNER_JOIN  shift, and go to state 240

    $default  reduce using rule 72 (join_list)

    join_list  go to state 241


State 220

   55 value_list: COMMA • value value_list

    NULL_T  shift, and go to state 48
    NUMBER  shift, and go to state 49
    FLOAT   shift, and go to state 50
    DATE    shift, and go to state 51
    SSS     shift, and go to state 52

    value  go to state 242


State 221

   51 insert_stmt: INSERT INTO ID VALUES LBRACE value value_list • RBRACE insert_list

    RBRACE  shift, and go to state 243


State 222

  112 condition: LBRACE select_stmt RBRACE • comp_op LBRACE select_stmt RBRACE
  114          | LBRACE select_stmt RBRACE • comp_op rel_attr
  116          | LBRACE select_stmt RBRACE • comp_op expression

    EQ          shift, and go to state 186
    LT          shift, and go to state 187
    GT          shift, and go to state 188
    LE          shift, and go to state 189
    GE          shift, and go to state 190
    NE          shift, and go to state 191
    LIKE        shift, and go to state 192
    NOT_LIKE    shift, and go to state 193
    IS          shift, and go to state 194
    IS_NOT      shift, and go to state 195
    IN          shift, and go to state 196
    NOT_IN      shift, and go to state 197
    EXISTS      shift, and go to state 198
    NOT_EXISTS  shift, and go to state 199

    comp_op  go to state 244


State 223

  110 condition: EXISTS LBRACE select_stmt • RBRACE

    RBRACE  shift, and go to state 245


State 224

  111 condition: NOT_EXISTS LBRACE select_stmt • RBRACE

    RBRACE  shift, and go to state 246


State 225

   82 expression: LBRACE • expression_list RBRACE
  115 condition: expression comp_op LBRACE • select_stmt RBRACE

    SELECT  shift, and go to state 4
    LBRACE  shift, and go to state 47
    NULL_T  shift, and go to state 48
    NUMBER  shift, and go to state 49
    FLOAT   shift, and go to state 50
    DATE    shift, and go to state 51
    SSS     shift, and go to state 52
    '-'     shift, and go to state 53

    value            go to state 54
    select_stmt      go to state 247
    expression_list  go to state 82
    expression       go to state 56


State 226

   78 expression: expression • '+' expression
   79           | expression • '-' expression
   80           | expression • '*' expression
   81           | expression • '/' expression
  118 condition: expression comp_op expression •

    '+'  shift, and go to state 85
    '-'  shift, and go to state 86
    '*'  shift, and go to state 87
    '/'  shift, and go to state 88

    $default  reduce using rule 118 (condition)


State 227

  120 condition: expression comp_op rel_attr •

    $default  reduce using rule 120 (condition)


State 228

   82 expression: LBRACE • expression_list RBRACE
  113 condition: rel_attr comp_op LBRACE • select_stmt RBRACE

    SELECT  shift, and go to state 4
    LBRACE  shift, and go to state 47
    NULL_T  shift, and go to state 48
    NUMBER  shift, and go to state 49
    FLOAT   shift, and go to state 50
    DATE    shift, and go to state 51
    SSS     shift, and go to state 52
    '-'     shift, and go to state 53

    value            go to state 54
    select_stmt      go to state 248
    expression_list  go to state 82
    expression       go to state 56


State 229

   78 expression: expression • '+' expression
   79           | expression • '-' expression
   80           | expression • '*' expression
   81           | expression • '/' expression
  117 condition: rel_attr comp_op expression •

    '+'  shift, and go to state 85
    '-'  shift, and go to state 86
    '*'  shift, and go to state 87
    '/'  shift, and go to state 88

    $default  reduce using rule 117 (condition)


State 230

  119 condition: rel_attr comp_op rel_attr •

    $default  reduce using rule 119 (condition)


State 231

  109 condition_list: condition AND condition_list •

    $default  reduce using rule 109 (condition_list)


State 232

   63 update_expr: ID EQ LBRACE select_stmt • RBRACE update_expr_list

    RBRACE  shift, and go to state 249


State 233

   66 update_expr_list: COMMA • ID EQ LBRACE select_stmt RBRACE update_expr_list
   67                 | COMMA • ID EQ value update_expr_list

    ID  shift, and go to state 250


State 234

   64 update_expr: ID EQ value update_expr_list •

    $default  reduce using rule 64 (update_expr)


State 235

  135 load_data_stmt: LOAD DATA INFILE SSS INTO TABLE ID •

    $default  reduce using rule 135 (load_data_stmt)


State 236

   43 attr_def: ID type nullable_marker LBRACE • number RBRACE

    NUMBER  shift, and go to state 251

    number  go to state 252


State 237

   42 attr_def_list: COMMA attr_def attr_def_list •

    $default  reduce using rule 42 (attr_def_list)


State 238

   35 create_index_stmt: CREATE unique_marker INDEX ID ON ID LBRACE ID • rel_list RBRACE

    COMMA  shift, and go to state 150

    $default  reduce using rule 103 (rel_list)

    rel_list  go to state 253


State 239

   74 join_equal: ON condition_list •

    $default  reduce using rule 74 (join_equal)


State 240

   71 join_list: INNER_JOIN • ID join_equal join_list

    ID  shift, and go to state 254


State 241

   70 join: ID INNER_JOIN ID join_equal join_list •

    $default  reduce using rule 70 (join)


State 242

   55 value_list: COMMA value • value_list

    COMMA  shift, and go to state 220

    $default  reduce using rule 54 (value_list)

    value_list  go to state 255


State 243

   51 insert_stmt: INSERT INTO ID VALUES LBRACE value value_list RBRACE • insert_list

    COMMA  shift, and go to state 256

    $default  reduce using rule 52 (insert_list)

    insert_list  go to state 257


State 244

  112 condition: LBRACE select_stmt RBRACE comp_op • LBRACE select_stmt RBRACE
  114          | LBRACE select_stmt RBRACE comp_op • rel_attr
  116          | LBRACE select_stmt RBRACE comp_op • expression

    AGG_MAX    shift, and go to state 57
    AGG_MIN    shift, and go to state 58
    AGG_COUNT  shift, and go to state 59
    AGG_AVG    shift, and go to state 60
    AGG_SUM    shift, and go to state 61
    LBRACE     shift, and go to state 258
    NULL_T     shift, and go to state 48
    NUMBER     shift, and go to state 49
    FLOAT      shift, and go to state 50
    DATE       shift, and go to state 51
    ID         shift, and go to state 62
    SSS        shift, and go to state 52
    '-'        shift, and go to state 53

    value       go to state 54
    expression  go to state 259
    rel_attr    go to state 260


State 245

  110 condition: EXISTS LBRACE select_stmt RBRACE •

    $default  reduce using rule 110 (condition)


State 246

  111 condition: NOT_EXISTS LBRACE select_stmt RBRACE •

    $default  reduce using rule 111 (condition)


State 247

  115 condition: expression comp_op LBRACE select_stmt • RBRACE

    RBRACE  shift, and go to state 261


State 248

  113 condition: rel_attr comp_op LBRACE select_stmt • RBRACE

    RBRACE  shift, and go to state 262


State 249

   63 update_expr: ID EQ LBRACE select_stmt RBRACE • update_expr_list

    COMMA  shift, and go to state 233

    $default  reduce using rule 65 (update_expr_list)

    update_expr_list  go to state 263


State 250

   66 update_expr_list: COMMA ID • EQ LBRACE select_stmt RBRACE update_expr_list
   67                 | COMMA ID • EQ value update_expr_list

    EQ  shift, and go to state 264


State 251

   45 number: NUMBER •

    $default  reduce using rule 45 (number)


State 252

   43 attr_def: ID type nullable_marker LBRACE number • RBRACE

    RBRACE  shift, and go to state 265


State 253

   35 create_index_stmt: CREATE unique_marker INDEX ID ON ID LBRACE ID rel_list • RBRACE

    RBRACE  shift, and go to state 266


State 254

   71 join_list: INNER_JOIN ID • join_equal join_list

    ON  shift, and go to state 218

    $default  reduce using rule 73 (join_equal)

    join_equal  go to state 267


State 255

   55 value_list: COMMA value value_list •

    $default  reduce using rule 55 (value_list)


State 256

   53 insert_list: COMMA • LBRACE value value_list RBRACE insert_list

    LBRACE  shift, and go to state 268


State 257

   51 insert_stmt: INSERT INTO ID VALUES LBRACE value value_list RBRACE insert_list •

    $default  reduce using rule 51 (insert_stmt)


State 258

   82 expression: LBRACE • expression_list RBRACE
  112 condition: LBRACE select_stmt RBRACE comp_op LBRACE • select_stmt RBRACE

    SELECT  shift, and go to state 4
    LBRACE  shift, and go to state 47
    NULL_T  shift, and go to state 48
    NUMBER  shift, and go to state 49
    FLOAT   shift, and go to state 50
    DATE    shift, and go to state 51
    SSS     shift, and go to state 52
    '-'     shift, and go to state 53

    value            go to state 54
    select_stmt      go to state 269
    expression_list  go to state 82
    expression       go to state 56


State 259

   78 expression: expression • '+' expression
   79           | expression • '-' expression
   80           | expression • '*' expression
   81           | expression • '/' expression
  116 condition: LBRACE select_stmt RBRACE comp_op expression •

    '+'  shift, and go to state 85
    '-'  shift, and go to state 86
    '*'  shift, and go to state 87
    '/'  shift, and go to state 88

    $default  reduce using rule 116 (condition)


State 260

  114 condition: LBRACE select_stmt RBRACE comp_op rel_attr •

    $default  reduce using rule 114 (condition)


State 261

  115 condition: expression comp_op LBRACE select_stmt RBRACE •

    $default  reduce using rule 115 (condition)


State 262

  113 condition: rel_attr comp_op LBRACE select_stmt RBRACE •

    $default  reduce using rule 113 (condition)


State 263

   63 update_expr: ID EQ LBRACE select_stmt RBRACE update_expr_list •

    $default  reduce using rule 63 (update_expr)


State 264

   66 update_expr_list: COMMA ID EQ • LBRACE select_stmt RBRACE update_expr_list
   67                 | COMMA ID EQ • value update_expr_list

    LBRACE  shift, and go to state 270
    NULL_T  shift, and go to state 48
    NUMBER  shift, and go to state 49
    FLOAT   shift, and go to state 50
    DATE    shift, and go to state 51
    SSS     shift, and go to state 52

    value  go to state 271


State 265

   43 attr_def: ID type nullable_marker LBRACE number RBRACE •

    $default  reduce using rule 43 (attr_def)


State 266

   35 create_index_stmt: CREATE unique_marker INDEX ID ON ID LBRACE ID rel_list RBRACE •

    $default  reduce using rule 35 (create_index_stmt)


State 267

   71 join_list: INNER_JOIN ID join_equal • join_list

    INNER_JOIN  shift, and go to state 240

    $default  reduce using rule 72 (join_list)

    join_list  go to state 272


State 268

   53 insert_list: COMMA LBRACE • value value_list RBRACE insert_list

    NULL_T  shift, and go to state 48
    NUMBER  shift, and go to state 49
    FLOAT   shift, and go to state 50
    DATE    shift, and go to state 51
    SSS     shift, and go to state 52

    value  go to state 273


State 269

  112 condition: LBRACE select_stmt RBRACE comp_op LBRACE select_stmt • RBRACE

    RBRACE  shift, and go to state 274


State 270

   66 update_expr_list: COMMA ID EQ LBRACE • select_stmt RBRACE update_expr_list

    SELECT  shift, and go to state 4

    select_stmt  go to state 275


State 271

   67 update_expr_list: COMMA ID EQ value • update_expr_list

    COMMA  shift, and go to state 233

    $default  reduce using rule 65 (update_expr_list)

    update_expr_list  go to state 276


State 272

   71 join_list: INNER_JOIN ID join_equal join_list •

    $default  reduce using rule 71 (join_list)


State 273

   53 insert_list: COMMA LBRACE value • value_list RBRACE insert_list

    COMMA  shift, and go to state 220

    $default  reduce using rule 54 (value_list)

    value_list  go to state 277


State 274

  112 condition: LBRACE select_stmt RBRACE comp_op LBRACE select_stmt RBRACE •

    $default  reduce using rule 112 (condition)


State 275

   66 update_expr_list: COMMA ID EQ LBRACE select_stmt • RBRACE update_expr_list

    RBRACE  shift, and go to state 278


State 276

   67 update_expr_list: COMMA ID EQ value update_expr_list •

    $default  reduce using rule 67 (update_expr_list)


State 277

   53 insert_list: COMMA LBRACE value value_list • RBRACE insert_list

    RBRACE  shift, and go to state 279


State 278

   66 update_expr_list: COMMA ID EQ LBRACE select_stmt RBRACE • update_expr_list

    COMMA  shift, and go to state 233

    $default  reduce using rule 65 (update_expr_list)

    update_expr_list  go to state 280


State 279

   53 insert_list: COMMA LBRACE value value_list RBRACE • insert_list

    COMMA  shift, and go to state 256

    $default  reduce using rule 52 (insert_list)

    insert_list  go to state 281


State 280

   66 update_expr_list: COMMA ID EQ LBRACE select_stmt RBRACE update_expr_list •

    $default  reduce using rule 66 (update_expr_list)


State 281

   53 insert_list: COMMA LBRACE value value_list RBRACE insert_list •

    $default  reduce using rule 53 (insert_list)
